
Showing logs for build [32mtrietlu-environment-jenkinsx-st-8pf2q-2[0m stage [32mfrom-build-pack[0m and container [32mstep-credential-initializer-mrnwj[0m
{"level":"info","ts":1587913055.325318,"logger":"fallback-logger","caller":"logging/config.go:69","msg":"Fetch GitHub commit ID from kodata failed: open /var/run/ko/refs/heads/0.8.0-ns-support: no such file or directory"}
{"level":"info","ts":1587913055.3257093,"logger":"fallback-logger","caller":"creds-init/main.go:40","msg":"Credentials initialized."}

Showing logs for build [32mtrietlu-environment-jenkinsx-st-8pf2q-2[0m stage [32mfrom-build-pack[0m and container [32mstep-working-dir-initializer-fkkwn[0m
{"level":"info","ts":1587913055.78034,"logger":"fallback-logger","caller":"logging/config.go:69","msg":"Fetch GitHub commit ID from kodata failed: open /var/run/ko/HEAD: no such file or directory"}
{"level":"info","ts":1587913055.7871125,"logger":"fallback-logger","caller":"bash/main.go:64","msg":"Successfully executed command \"sh -c mkdir -p /workspace/source\"; output "}

Showing logs for build [32mtrietlu-environment-jenkinsx-st-8pf2q-2[0m stage [32mfrom-build-pack[0m and container [32mstep-place-tools[0m

Showing logs for build [32mtrietlu-environment-jenkinsx-st-8pf2q-2[0m stage [32mfrom-build-pack[0m and container [32mstep-git-source-trietlu-environment-jenkinsx-st-8pf2q-kvl27[0m
{"level":"info","ts":1587913059.7436447,"logger":"fallback-logger","caller":"logging/config.go:69","msg":"Fetch GitHub commit ID from kodata failed: open /var/run/ko/refs/heads/0.8.0-ns-support: no such file or directory"}
{"level":"info","ts":1587913059.990774,"logger":"fallback-logger","caller":"git/git.go:103","msg":"Successfully cloned https://github.com/*******/environment-jenkinsx-staging.git @ v0.0.2 in path /workspace/source"}

Showing logs for build [32mtrietlu-environment-jenkinsx-st-8pf2q-2[0m stage [32mfrom-build-pack[0m and container [32mstep-git-merge[0m
Using SHAs from PULL_REFS=master:199c02d91e7d68c8e7d18c11adeabe48aecaa2a1
WARNING: no SHAs to merge, falling back to initial cloned commit

Showing logs for build [32mtrietlu-environment-jenkinsx-st-8pf2q-2[0m stage [32mfrom-build-pack[0m and container [32mstep-setup-jx-git-credentials[0m
Generated Git credentials file /builder/home/git/credentials

Showing logs for build [32mtrietlu-environment-jenkinsx-st-8pf2q-2[0m stage [32mfrom-build-pack[0m and container [32mstep-build-helm-apply[0m
Modified file /workspace/source/env/Chart.yaml to set the chart to version 2
creating the lock configmap **-lock-**-staging
lock configmap **-lock-**-staging created
Cloning the Jenkins X versions repo https://github.com/jenkins-x/jenkins-x-versions.git with ref refs/heads/master to /builder/home/.**/jenkins-x-versions
Ignoring templates/.gitignore
Ignoring templates/wildcardcert-secret.yaml
WARNING: No $CHART_REPOSITORY defined so using the default value of: http://jenkins-x-chartmuseum:8080
Adding missing Helm repo: storage.googleapis.com https://storage.googleapis.com/chartmuseum.jenkins-x.io
Successfully added Helm repository storage.googleapis.com.
Adding missing Helm repo: jenkins-x-chartmuseum http://jenkins-x-chartmuseum:8080
Successfully added Helm repository jenkins-x-chartmuseum.
WARNING: No $CHART_REPOSITORY defined so using the default value of: http://jenkins-x-chartmuseum:8080
Adding missing Helm repo: chartmuseum.jenkins-x.io http://chartmuseum.jenkins-x.io
Successfully added Helm repository chartmuseum.jenkins-x.io.

release.jenkins.io "springboot-gradle-0.0.1" deleted
cleaning the lock configmap **-lock-**-staging
