
Showing logs for build [32mtrietlu-environment-jenkinsx-st-jvhb2-1[0m stage [32mfrom-build-pack[0m and container [32mstep-credential-initializer-bsfx6[0m
{"level":"info","ts":1587912967.74772,"logger":"fallback-logger","caller":"logging/config.go:69","msg":"Fetch GitHub commit ID from kodata failed: open /var/run/ko/refs/heads/0.8.0-ns-support: no such file or directory"}
{"level":"info","ts":1587912967.7480323,"logger":"fallback-logger","caller":"creds-init/main.go:40","msg":"Credentials initialized."}

Showing logs for build [32mtrietlu-environment-jenkinsx-st-jvhb2-1[0m stage [32mfrom-build-pack[0m and container [32mstep-working-dir-initializer-b8tkp[0m
{"level":"info","ts":1587912968.7399113,"logger":"fallback-logger","caller":"logging/config.go:69","msg":"Fetch GitHub commit ID from kodata failed: open /var/run/ko/HEAD: no such file or directory"}
{"level":"info","ts":1587912968.7419748,"logger":"fallback-logger","caller":"bash/main.go:64","msg":"Successfully executed command \"sh -c mkdir -p /workspace/source\"; output "}

Showing logs for build [32mtrietlu-environment-jenkinsx-st-jvhb2-1[0m stage [32mfrom-build-pack[0m and container [32mstep-place-tools[0m

Showing logs for build [32mtrietlu-environment-jenkinsx-st-jvhb2-1[0m stage [32mfrom-build-pack[0m and container [32mstep-git-source-trietlu-environment-jenkinsx-st-jvhb2-xbm2h[0m
{"level":"info","ts":1587912992.7751675,"logger":"fallback-logger","caller":"logging/config.go:69","msg":"Fetch GitHub commit ID from kodata failed: open /var/run/ko/refs/heads/0.8.0-ns-support: no such file or directory"}
{"level":"info","ts":1587912993.0952632,"logger":"fallback-logger","caller":"git/git.go:103","msg":"Successfully cloned https://github.com/*******/environment-jenkinsx-staging.git @ master in path /workspace/source"}

Showing logs for build [32mtrietlu-environment-jenkinsx-st-jvhb2-1[0m stage [32mfrom-build-pack[0m and container [32mstep-git-merge[0m
Using SHAs from PULL_REFS=master:b11d802cc3c7adff05f3334111821a48674a88ec,2:a60b405191da0775513b3053b9c930dbfeaaff45
DEBUG: JX_LOG_LEVEL=error LC_ALL=C git fetch origin --unshallow a60b405191da0775513b3053b9c930dbfeaaff45: b11d802cc3c7adff05f3334111821a48674a88ec:
DEBUG: ran git fetch --unshallow origin a60b405191da0775513b3053b9c930dbfeaaff45: b11d802cc3c7adff05f3334111821a48674a88ec: in 
DEBUG: JX_LOG_LEVEL=error LC_ALL=C git branch
DEBUG: JX_LOG_LEVEL=error LC_ALL=C git checkout master
DEBUG: ran git checkout master in 
DEBUG: JX_LOG_LEVEL=error LC_ALL=C git reset --hard b11d802cc3c7adff05f3334111821a48674a88ec
DEBUG: ran git reset --hard b11d802cc3c7adff05f3334111821a48674a88ec in 
DEBUG: LC_ALL=C JX_LOG_LEVEL=error git clean -fd .
DEBUG: ran clean --force -d . in 
DEBUG: LC_ALL=C JX_LOG_LEVEL=error git merge a60b405191da0775513b3053b9c930dbfeaaff45
DEBUG: ran git merge a60b405191da0775513b3053b9c930dbfeaaff45 in 
DEBUG: JX_LOG_LEVEL=error LC_ALL=C git log --format=%H%x1f%an%x1f%ae%x1f%cn%x1f%ce%x1f%s%n%b%x1e b11d802cc3c7adff05f3334111821a48674a88ec..HEAD
Merged SHA a60b405191da0775513b3053b9c930dbfeaaff45 with commit message 'chore: Promote springboot-gradle to version 0.0.2' into base branch master

Showing logs for build [32mtrietlu-environment-jenkinsx-st-jvhb2-1[0m stage [32mfrom-build-pack[0m and container [32mstep-build-helm-build[0m
WARNING: No $CHART_REPOSITORY defined so using the default value of: http://jenkins-x-chartmuseum:8080
Adding missing Helm repo: storage.googleapis.com https://storage.googleapis.com/chartmuseum.jenkins-x.io
Successfully added Helm repository storage.googleapis.com.
Adding missing Helm repo: jenkins-x-chartmuseum http://jenkins-x-chartmuseum:8080
Successfully added Helm repository jenkins-x-chartmuseum.
WARNING: No $CHART_REPOSITORY defined so using the default value of: http://jenkins-x-chartmuseum:8080
Adding missing Helm repo: chartmuseum.jenkins-x.io http://chartmuseum.jenkins-x.io
Successfully added Helm repository chartmuseum.jenkins-x.io.
